# JRE version: Java(TM) SE Runtime Environment (8.0_40-b25) (build 1.8.0_40-b25)
# Java VM: Java HotSpot(TM) 64-Bit Server VM (25.40-b25 mixed mode windows-amd64 compressed oops)
Heap:
 PSYoungGen      total 151040K, used 56605K [0x00000000e0000000, 0x00000000ecf80000, 0x0000000100000000)
  eden space 137728K, 41% used [0x00000000e0000000,0x00000000e3747630,0x00000000e8680000)
  from space 13312K, 0% used [0x00000000e9300000,0x00000000e9300000,0x00000000ea000000)
  to   space 12800K, 0% used [0x00000000e8680000,0x00000000e8680000,0x00000000e9300000)
 ParOldGen       total 105472K, used 17419K [0x00000000a0000000, 0x00000000a6700000, 0x00000000e0000000)
  object space 105472K, 16% used [0x00000000a0000000,0x00000000a1102e20,0x00000000a6700000)
 Metaspace       used 36899K, capacity 37500K, committed 37760K, reserved 1081344K
  class space    used 4971K, capacity 5150K, committed 5248K, reserved 1048576K
GC Heap History (10 events):
Event: 2.592 GC heap before
{Heap before GC invocations=4 (full 1):
 PSYoungGen      total 71680K, used 5112K [0x00000000e0000000, 0x00000000e8c00000, 0x0000000100000000)
  eden space 66560K, 0% used [0x00000000e0000000,0x00000000e0000000,0x00000000e4100000)
  from space 5120K, 99% used [0x00000000e4100000,0x00000000e45fe030,0x00000000e4600000)
  to   space 5120K, 0% used [0x00000000e8700000,0x00000000e8700000,0x00000000e8c00000)
 ParOldGen       total 87552K, used 8087K [0x00000000a0000000, 0x00000000a5580000, 0x00000000e0000000)
  object space 87552K, 9% used [0x00000000a0000000,0x00000000a07e5c78,0x00000000a5580000)
 Metaspace       used 20863K, capacity 21200K, committed 21296K, reserved 1067008K
  class space    used 2807K, capacity 2933K, committed 2944K, reserved 1048576K
Event: 2.703 GC heap after
Heap after GC invocations=4 (full 1):
 PSYoungGen      total 71680K, used 0K [0x00000000e0000000, 0x00000000e8c00000, 0x0000000100000000)
  eden space 66560K, 0% used [0x00000000e0000000,0x00000000e0000000,0x00000000e4100000)
  from space 5120K, 0% used [0x00000000e4100000,0x00000000e4100000,0x00000000e4600000)
  to   space 5120K, 0% used [0x00000000e8700000,0x00000000e8700000,0x00000000e8c00000)
 ParOldGen       total 69120K, used 10768K [0x00000000a0000000, 0x00000000a4380000, 0x00000000e0000000)
  object space 69120K, 15% used [0x00000000a0000000,0x00000000a0a84190,0x00000000a4380000)
 Metaspace       used 20863K, capacity 21200K, committed 21296K, reserved 1067008K
  class space    used 2807K, capacity 2933K, committed 2944K, reserved 1048576K
}
Event: 3.813 GC heap before
{Heap before GC invocations=5 (full 1):
 PSYoungGen      total 71680K, used 66560K [0x00000000e0000000, 0x00000000e8c00000, 0x0000000100000000)
  eden space 66560K, 100% used [0x00000000e0000000,0x00000000e4100000,0x00000000e4100000)
  from space 5120K, 0% used [0x00000000e4100000,0x00000000e4100000,0x00000000e4600000)
  to   space 5120K, 0% used [0x00000000e8700000,0x00000000e8700000,0x00000000e8c00000)
 ParOldGen       total 69120K, used 10768K [0x00000000a0000000, 0x00000000a4380000, 0x00000000e0000000)
  object space 69120K, 15% used [0x00000000a0000000,0x00000000a0a84190,0x00000000a4380000)
 Metaspace       used 26578K, capacity 27062K, committed 27264K, reserved 1073152K
  class space    used 3725K, capacity 3883K, committed 3968K, reserved 1048576K
Event: 3.848 GC heap after
Heap after GC invocations=5 (full 1):
 PSYoungGen      total 101888K, used 5097K [0x00000000e0000000, 0x00000000e8c00000, 0x0000000100000000)
  eden space 96768K, 0% used [0x00000000e0000000,0x00000000e0000000,0x00000000e5e80000)
  from space 5120K, 99% used [0x00000000e8700000,0x00000000e8bfa5a8,0x00000000e8c00000)
  to   space 5120K, 0% used [0x00000000e8200000,0x00000000e8200000,0x00000000e8700000)
 ParOldGen       total 69120K, used 13126K [0x00000000a0000000, 0x00000000a4380000, 0x00000000e0000000)
  object space 69120K, 18% used [0x00000000a0000000,0x00000000a0cd1a28,0x00000000a4380000)
 Metaspace       used 26578K, capacity 27062K, committed 27264K, reserved 1073152K
  class space    used 3725K, capacity 3883K, committed 3968K, reserved 1048576K
}
Event: 6.045 GC heap before
{Heap before GC invocations=6 (full 1):
 PSYoungGen      total 101888K, used 101865K [0x00000000e0000000, 0x00000000e8c00000, 0x0000000100000000)
  eden space 96768K, 100% used [0x00000000e0000000,0x00000000e5e80000,0x00000000e5e80000)
  from space 5120K, 99% used [0x00000000e8700000,0x00000000e8bfa5a8,0x00000000e8c00000)
  to   space 5120K, 0% used [0x00000000e8200000,0x00000000e8200000,0x00000000e8700000)
 ParOldGen       total 69120K, used 13126K [0x00000000a0000000, 0x00000000a4380000, 0x00000000e0000000)
  object space 69120K, 18% used [0x00000000a0000000,0x00000000a0cd1a28,0x00000000a4380000)
 Metaspace       used 32980K, capacity 33522K, committed 33792K, reserved 1079296K
  class space    used 4432K, capacity 4600K, committed 4608K, reserved 1048576K
Event: 6.082 GC heap after
Heap after GC invocations=6 (full 1):
 PSYoungGen      total 138240K, used 5088K [0x00000000e0000000, 0x00000000ea000000, 0x0000000100000000)
  eden space 133120K, 0% used [0x00000000e0000000,0x00000000e0000000,0x00000000e8200000)
  from space 5120K, 99% used [0x00000000e8200000,0x00000000e86f8020,0x00000000e8700000)
  to   space 13312K, 0% used [0x00000000e9300000,0x00000000e9300000,0x00000000ea000000)
 ParOldGen       total 69120K, used 19766K [0x00000000a0000000, 0x00000000a4380000, 0x00000000e0000000)
  object space 69120K, 28% used [0x00000000a0000000,0x00000000a134d848,0x00000000a4380000)
 Metaspace       used 32980K, capacity 33522K, committed 33792K, reserved 1079296K
  class space    used 4432K, capacity 4600K, committed 4608K, reserved 1048576K
}
Event: 6.565 GC heap before
{Heap before GC invocations=7 (full 1):
 PSYoungGen      total 138240K, used 42141K [0x00000000e0000000, 0x00000000ea000000, 0x0000000100000000)
  eden space 133120K, 27% used [0x00000000e0000000,0x00000000e242f648,0x00000000e8200000)
  from space 5120K, 99% used [0x00000000e8200000,0x00000000e86f8020,0x00000000e8700000)
  to   space 13312K, 0% used [0x00000000e9300000,0x00000000e9300000,0x00000000ea000000)
 ParOldGen       total 69120K, used 19766K [0x00000000a0000000, 0x00000000a4380000, 0x00000000e0000000)
  object space 69120K, 28% used [0x00000000a0000000,0x00000000a134d848,0x00000000a4380000)
 Metaspace       used 34848K, capacity 35414K, committed 35496K, reserved 1079296K
  class space    used 4682K, capacity 4862K, committed 4864K, reserved 1048576K
Event: 6.576 GC heap after
Heap after GC invocations=7 (full 1):
 PSYoungGen      total 151040K, used 8845K [0x00000000e0000000, 0x00000000ecf80000, 0x0000000100000000)
  eden space 137728K, 0% used [0x00000000e0000000,0x00000000e0000000,0x00000000e8680000)
  from space 13312K, 66% used [0x00000000e9300000,0x00000000e9ba36c8,0x00000000ea000000)
  to   space 12800K, 0% used [0x00000000e8680000,0x00000000e8680000,0x00000000e9300000)
 ParOldGen       total 69120K, used 19774K [0x00000000a0000000, 0x00000000a4380000, 0x00000000e0000000)
  object space 69120K, 28% used [0x00000000a0000000,0x00000000a134f848,0x00000000a4380000)
 Metaspace       used 34848K, capacity 35414K, committed 35496K, reserved 1079296K
  class space    used 4682K, capacity 4862K, committed 4864K, reserved 1048576K
}
Event: 6.576 GC heap before
{Heap before GC invocations=8 (full 2):
 PSYoungGen      total 151040K, used 8845K [0x00000000e0000000, 0x00000000ecf80000, 0x0000000100000000)
  eden space 137728K, 0% used [0x00000000e0000000,0x00000000e0000000,0x00000000e8680000)
  from space 13312K, 66% used [0x00000000e9300000,0x00000000e9ba36c8,0x00000000ea000000)
  to   space 12800K, 0% used [0x00000000e8680000,0x00000000e8680000,0x00000000e9300000)
 ParOldGen       total 69120K, used 19774K [0x00000000a0000000, 0x00000000a4380000, 0x00000000e0000000)
  object space 69120K, 28% used [0x00000000a0000000,0x00000000a134f848,0x00000000a4380000)
 Metaspace       used 34848K, capacity 35414K, committed 35496K, reserved 1079296K
  class space    used 4682K, capacity 4862K, committed 4864K, reserved 1048576K
Event: 6.685 GC heap after
Heap after GC invocations=8 (full 2):
 PSYoungGen      total 151040K, used 0K [0x00000000e0000000, 0x00000000ecf80000, 0x0000000100000000)
  eden space 137728K, 0% used [0x00000000e0000000,0x00000000e0000000,0x00000000e8680000)
  from space 13312K, 0% used [0x00000000e9300000,0x00000000e9300000,0x00000000ea000000)
  to   space 12800K, 0% used [0x00000000e8680000,0x00000000e8680000,0x00000000e9300000)
 ParOldGen       total 105472K, used 17419K [0x00000000a0000000, 0x00000000a6700000, 0x00000000e0000000)
  object space 105472K, 16% used [0x00000000a0000000,0x00000000a1102e20,0x00000000a6700000)
 Metaspace       used 34803K, capacity 35294K, committed 35496K, reserved 1079296K
  class space    used 4669K, capacity 4822K, committed 4864K, reserved 1048576K
}

